2019-02-26 00:33:18 [scrapy.extensions.telnet] INFO: Telnet Password: 83e5be1e67c38140
2019-02-26 00:33:18 [scrapy.middleware] INFO: Enabled extensions:
['scrapy.extensions.corestats.CoreStats',
 'scrapy.extensions.telnet.TelnetConsole',
 'scrapy.extensions.memusage.MemoryUsage',
 'scrapy.extensions.logstats.LogStats']
2019-02-26 00:33:18 [scrapy.middleware] INFO: Enabled downloader middlewares:
['scrapy.downloadermiddlewares.robotstxt.RobotsTxtMiddleware',
 'scrapy.downloadermiddlewares.httpauth.HttpAuthMiddleware',
 'scrapy.downloadermiddlewares.downloadtimeout.DownloadTimeoutMiddleware',
 'scrapy.downloadermiddlewares.defaultheaders.DefaultHeadersMiddleware',
 'scrapy.downloadermiddlewares.useragent.UserAgentMiddleware',
 'scrapy.downloadermiddlewares.retry.RetryMiddleware',
 'scrapy.downloadermiddlewares.redirect.MetaRefreshMiddleware',
 'scrapy.downloadermiddlewares.httpcompression.HttpCompressionMiddleware',
 'scrapy.downloadermiddlewares.redirect.RedirectMiddleware',
 'scrapy.downloadermiddlewares.cookies.CookiesMiddleware',
 'scrapy.downloadermiddlewares.httpproxy.HttpProxyMiddleware',
 'scrapy.downloadermiddlewares.stats.DownloaderStats']
2019-02-26 00:33:18 [scrapy.middleware] INFO: Enabled spider middlewares:
['scrapy.spidermiddlewares.httperror.HttpErrorMiddleware',
 'scrapy.spidermiddlewares.offsite.OffsiteMiddleware',
 'scrapy.spidermiddlewares.referer.RefererMiddleware',
 'scrapy.spidermiddlewares.urllength.UrlLengthMiddleware',
 'scrapy.spidermiddlewares.depth.DepthMiddleware']
2019-02-26 00:33:18 [scrapy.middleware] INFO: Enabled item pipelines:
[]
2019-02-26 00:33:18 [scrapy.core.engine] INFO: Spider opened
2019-02-26 00:33:18 [scrapy.extensions.logstats] INFO: Crawled 0 pages (at 0 pages/min), scraped 0 items (at 0 items/min)
2019-02-26 00:33:18 [scrapy.extensions.telnet] INFO: Telnet console listening on 127.0.0.1:6023
2019-02-26 00:33:18 [scrapy.core.engine] DEBUG: Crawled (200) <GET http://www.ziroom.com/robots.txt> (referer: None)
2019-02-26 00:33:19 [scrapy.core.engine] DEBUG: Crawled (200) <GET http://www.ziroom.com/z/nl/z2.html?qwd=%E9%A1%BA%E4%B9%89> (referer: None)
2019-02-26 00:33:19 [scrapy.core.scraper] ERROR: Spider error processing <GET http://www.ziroom.com/z/nl/z2.html?qwd=%E9%A1%BA%E4%B9%89> (referer: None)
Traceback (most recent call last):
  File "/usr/local/lib/python3.6/dist-packages/parsel/selector.py", line 238, in xpath
    **kwargs)
  File "src/lxml/etree.pyx", line 1577, in lxml.etree._Element.xpath
  File "src/lxml/xpath.pxi", line 307, in lxml.etree.XPathElementEvaluator.__call__
  File "src/lxml/xpath.pxi", line 227, in lxml.etree._XPathEvaluatorBase._handle_result
lxml.etree.XPathEvalError: Invalid expression

During handling of the above exception, another exception occurred:

Traceback (most recent call last):
  File "/usr/local/lib/python3.6/dist-packages/scrapy/utils/defer.py", line 102, in iter_errback
    yield next(it)
  File "/usr/local/lib/python3.6/dist-packages/scrapy/spidermiddlewares/offsite.py", line 29, in process_spider_output
    for x in result:
  File "/usr/local/lib/python3.6/dist-packages/scrapy/spidermiddlewares/referer.py", line 339, in <genexpr>
    return (_set_referer(r) for r in result or ())
  File "/usr/local/lib/python3.6/dist-packages/scrapy/spidermiddlewares/urllength.py", line 37, in <genexpr>
    return (r for r in result or () if _filter(r))
  File "/usr/local/lib/python3.6/dist-packages/scrapy/spidermiddlewares/depth.py", line 58, in <genexpr>
    return (r for r in result or () if _filter(r))
  File "/home/dl/code/py/scrapy_study/tutoria/tutoria/spiders/dmoz_spider.py", line 50, in parse
    for box in reponse.xpath(''):
  File "/usr/local/lib/python3.6/dist-packages/scrapy/http/response/text.py", line 119, in xpath
    return self.selector.xpath(query, **kwargs)
  File "/usr/local/lib/python3.6/dist-packages/parsel/selector.py", line 242, in xpath
    six.reraise(ValueError, ValueError(msg), sys.exc_info()[2])
  File "/usr/lib/python3/dist-packages/six.py", line 692, in reraise
    raise value.with_traceback(tb)
  File "/usr/local/lib/python3.6/dist-packages/parsel/selector.py", line 238, in xpath
    **kwargs)
  File "src/lxml/etree.pyx", line 1577, in lxml.etree._Element.xpath
  File "src/lxml/xpath.pxi", line 307, in lxml.etree.XPathElementEvaluator.__call__
  File "src/lxml/xpath.pxi", line 227, in lxml.etree._XPathEvaluatorBase._handle_result
ValueError: XPath error: Invalid expression in 
2019-02-26 00:33:19 [scrapy.core.engine] INFO: Closing spider (finished)
2019-02-26 00:33:19 [scrapy.statscollectors] INFO: Dumping Scrapy stats:
{'downloader/request_bytes': 443,
 'downloader/request_count': 2,
 'downloader/request_method_count/GET': 2,
 'downloader/response_bytes': 22616,
 'downloader/response_count': 2,
 'downloader/response_status_count/200': 2,
 'finish_reason': 'finished',
 'finish_time': datetime.datetime(2019, 2, 25, 16, 33, 19, 192466),
 'log_count/DEBUG': 2,
 'log_count/ERROR': 1,
 'log_count/INFO': 9,
 'memusage/max': 55029760,
 'memusage/startup': 55029760,
 'response_received_count': 2,
 'robotstxt/request_count': 1,
 'robotstxt/response_count': 1,
 'robotstxt/response_status_count/200': 1,
 'scheduler/dequeued': 1,
 'scheduler/dequeued/memory': 1,
 'scheduler/enqueued': 1,
 'scheduler/enqueued/memory': 1,
 'spider_exceptions/ValueError': 1,
 'start_time': datetime.datetime(2019, 2, 25, 16, 33, 18, 735089)}
2019-02-26 00:33:19 [scrapy.core.engine] INFO: Spider closed (finished)
